An Nc Mo
Nc Vpi Nc N
Np Hf Cp Af Nc Punct A
Am Nc R Nc Punct Nc Cp Nc Punct A
Np Punct Mc
Nc R Nc Punct A
Nc R Nc Punct A
Cp R Nc R Nc Punct A
Cp Pd Nc Dl Punct Dl
Cp R Nc Cp Nc R Af Nc Cp R An Nc Punct A
Vni Nc Punct Pr Vxi Vpi Tx Vpp Punct A
Vni Nc Punct Pr Vxi Vpi Tx Vpp Punct A
Dd Am Am Nc Punct R Pr Tn Vpi Tx Vpp Pn Punct Vpi
Cs Vpp Nc Ps Punct Tx Vpp Nc Punct A
Cs Vpp Nc Ps Punct Tx Vpp Nc Punct A
Cs Nc R Nc Punct Tx Vxi R Nc R Nc R Nc Punct R Nc Punct R Nc Punct Te R Nc R Nc Punct Pr Pp Vpi Nc Punct A
An Dd Pf R Pp Punct Dl
Pi Punct Pi
Pc Nc Vni Nc Punct A
Pd Vxi Nc R Nc Punct Pp Vxi Am Nc Cp Vni Tx Vpp Nc R Ps Nc Punct A
Vpp Pp R Nc Punct Np Punct Np Cp Np Hf Punct Mc
Am Nc Vxi Nc Punct A
Cc Nc Tn Vpi Tx Vxi A Punct A
Nc Vni Tx Vyp Vpp Punct Tx Vyp Af Punct Dq
Dq Vpi R A Nc Cp Vpi Nc R Nc Punct A
Vni Nc Cp Vni Nc Punct R Pr Tx Vpi Nc Ps Punct Dq
Pn Punct R Pf Af Nc R Nc Punct A
Cp Mc Nc Punct Pc Nc Vni Nc Punct A
Nc Vpp Dm Cp Vpp Nc R Af Nc Punct A
Am Nc Punct Np Punct Np Punct Nc Punct Nc Cp Nc R Nc Punct A
Nc Tn Vxi Vpp Nc Punct A
Am Nc Punct Cp Vpi Dt Tx Vpp R Np Cp Np Punct Mc
Vni Tx Vpp Nc Nc Punct Tx Vpp Pc A A Nc Punct A
Cp Cs Pp Vpp Punct Tx Pp Vpi R Dq Nc A Punct R Dq Nc A Punct A
Af Ps Af Nc Punct A
Tx Vpp Cp Vpp Nc R Af Nc Punct Tx Vpp Pc Ps Nc Punct Cc Tx Vni Tx Pp Vpi Dt Cp Dt Punct A
Tx Vpp Nc R Nc Punct Cs Vpp Nc Ps Punct Dq
Cp Tx Vpi A A Nc R Nc An Punct A
Tx Pp Vpp R Af Nc Cp Tx Pp Vpp R An Nc Punct A
Dq Pd Nc Pp Tx Vni Tx Pp Vpp R Np Cp Np Punct Mc
Cc Cs Nc Vni Tx Vpp R Am Ps Nc Punct A
Nc Vxi Punct Pi
Nc Vni Tx Vpp Punct A
Vpp Dl Punct Pp Vpp Nc R Nc Cp Vpp R Hf
Punct Ta Vyp Nc Punct A
Cp A Nc Punct A
Mc Nc Tx Vpp Np R Nc Mo Nc Punct Pr Nc Tx Vyp Vpp Punct A
Pd Vpi Nc R A Nc Punct Vpp R Nc Dt Punct A
Af Af Nc Te Tx Vpp Nc R Nc Cp Nc Punct A
Am Nc Vpi Tx Vpi Cp A Punct A
Nc Vpi Nc R Nc Mo
R Nc R Nc Cp Np Pp Vpi Tx Vpi R Nc R Nc R Nc R A A Nc Punct A
R Nc Nc R Nc R Punct Nc Punct Vpi Nc Punct A
Pp Dd Vni Nc Tx Vpi R A Ps Nc Cp R Pd Pp Vpi Np Punct Mc
Hm Te Vpp Nc Tx Vxi Dq R Ps Nc Punct A
Cp Nc Punct Cp Nc Tx Vpi Nc R A Nc Vpi Am Am Nc Dt Punct A
Nc Vpi R Mc Punct Mc Nc R Np Hf
Vpp Pp Am Nc Vpp R Mc Punct Mc Nc R Np R Nc Ps Vpp Nc Punct A
Am Nc Np Punct Np Punct Np Cp Np Punct Mc
R Nc Tn Vxi Dq R A Nc R Af Nc Punct A
Nc Vxi R Nc Punct Pr Vpi Am Nc Cp Vpi Tx Vpp Pc Nc Punct Pr Vxi Vpp Punct Vpp R Punct Np Punct Vpp R Nc Np Punct Mc
Punct Vpi Pf Nc R Nc R Nc Punct A
Np Pp Vpp R Nc R Np Hf
Am Nc Np Vpp Am R Nc R Nc R Nc Punct Vpp R Mc Punct Mc R Ps Punct Dq
Punct Vpi Nc Punct Punct Mc
Punct R Nc Vpi Af Nc Punct Cs Pp Vpi R Pc Nc Tx Vpp Dd R Mc Punct Mc
Nc Vxi R Nc R Punct Np Punct Af Np Cp Hm Punct Mc
R Nc Ps Vpi Nc Punct Cs Tn Vxi Vpp R Punct Np Punct Punct Mc
Vpi Punct Cs Pp Vpp Punct Cs Pp Vpp R Nc Punct A
Vpi Punct Cs Nc R Nc R Nc R A Nc Cp Nc Ps
Punct Vpp Hm Punct Mc
Nc Punct Pr Vpp Mo Ps Nc R Np Punct Vxi A Punct A
Nc Vxi R Nc Punct Cc Tn Vpi Dm Punct Cs Vxi A Punct A
R Pp Vni R Pi Pp Vpi R Nc Punct A
An Vxi Ta Vpi Punct Pd An Nc Punct A
R Np Vpp Punct Cs Vpi Nc R Nc R Np R Mo Nc Punct Cc Pd Vni Pn An Punct A
Dm Np Pp Vpp R Pf Nc R Af Nc R Np Cp Dt Vxi A Punct A
Hm Vpi R Np Nc R Nc Mo
Np Tx Vpp R Am Nc Tx Vpp R Af Nc R An Nc R Nc Ps Punct Dq
Nc Vxi Tx Tn Pp Vpp Nc Ps R A Punct A R Pp Am Nc Punct A
Pd Vpp Nc Hm R Am Nc R Mo Nc R Nc R Af Nc R Af Nc Punct Np Punct Punct Pr Pp Vpp R Np Dt Punct A
Np Vpi Cp R Nc R Am Nc Punct Vpp R Nc R Np R Np Punct Mc
R Pp Pc Nc Nc Pp Vpi Nc Dd Ps Nc Punct Vpp Dq Hm Punct Mc
Nc R Np R Np Punct Np Punct Np Punct Np Punct Np Punct Np Cp Np Punct Mc
Nc R Np Vpp Nc Mc R Nc Mo
Nc R Nc R Np Vpp R Mc Nc Dt Punct Cs Vpp Nc R Nc Mc R Nc Punct Vpp Nc Punct Punct Vpp Np Punct Mc
Vpi Pp Nc R Nc R A Nc Tx Vpp R Nc Cp R Pp Punct Vpi Ps Nc Punct A
Nc R Nc Vxi Vpp R Nc R A Nc R Af Af Nc Punct Pr Vpi Punct Cs Nc R Nc R Np Vxi Vpp R Am Nc Punct A
Nc R Nc Cp Nc R Nc Vxi Pp Vpp Dq Punct Cc Nc Pp Vpi R Nc R Nc Punct Cs Np Cp Af Nc R Np Pp Vpi A R A Nc Punct A
Nc R Nc R Np Np Vpp Dt Punct Cs Vni Nc R Nc R Nc Cp Cs R Nc Vxi Vpp Md A Nc Punct A
R Pp A Nc R R Nc Nc R Nc Vxi Dq A Cp Np Vxi Vpp Pp Tx Vpp R Am Nc Punct A
Tn Vxi Af Nc Cp Tn Vpi A Nc Punct Vpp Nc Np Hm R Am Ps Nc R Nc R Np Punct Mc
Nc R Ps Nc R A Nc Vxi Tx Vpi Nc R Pp R Af Af Nc Punct A
Nc R Nc Vxi Af R Pd Tx Vxi A Punct Nc Cp Nc R A Nc R Nc Ps Tx Vpi A Nc Punct A
R Tx Vpi R Np Punct Hm Pp Vpp Cp R Np Punct Am Nc Cp Np Punct Mc
Am Nc Vni Tx Vpp Am Nc R Nc Punct A
R Pd Nc Pp Vpi Np Punct Nc Cp Nc Hm Punct Mc
Nc Dd Vxi Vpp R Nc Punct A
Nc Dd Vpi Nc R Nc Punct Pr Vni Nc R Nc Punct Vpp Dq Hm Punct Mc
Am Nc Tx Vpi Nc N
Nc R Nc Pp Vpi Punct Cs Vxi Dm An
I Punct Pi Vxi Vxi Nc R Af Af Nc Punct Vpp R Nc Dt Punct A
Pd Vpp Nc R Nc R Nc Np Tx Vpp Nc Nc R An Nc Punct A
Mo Mc R Nc R Nc Punct Tv Vpp Punct Cs Tn Vxi Vxi Vpp Punct R Tx Vpp Punct Vpp Hm Punct Mc
Pd Vxi Np Punct Np Punct Vpp Np Punct Np Cp Np Punct Mc
Nc R Hm Cp Nc R Nc R Np Vxi Vpp R Am Am Nc Np R Mo Nc R Nc R Nc R Nc Punct A
Pd Nc R Af Af Nc R Nc R Vpp Nc Punct Pr Nc Tn Vxi Vpp Punct A
Pd Nc R Hm Dm Vpp Punct A
Np Pp Vpp R Nc Tx Vpp Nc R Hm R An Nc Cp Nc Punct A
R Nc R Np Hm Vpp Nc R Nc Punct A
Np Vpi Nc Punct A
Vpp Pp Punct Cs Mc Nc R Np Punct Vpi Punct R Nc Punct Pr Pp Vpp R Np Hm Punct Mc
Dd R Nc R Np Pn Tn Vpp Tx Vpi Punct Dl
Cs Pp Vpi Punct Cs Pp Vni Tx Pp Vpp R Nc Punct Md Pp Vpi Punct Vpp Hm R Nc R Punct Np Punct Mc Punct Pr Pp Vpp Pi Pp Vxi Nc Punct A
Nc Vpp Nc R Hm Punct Pr Vpi Nc R Nc Punct Vxi Vpp R A Nc Punct Cp Nc Ps R Nc R Nc R Nc Vxi A Punct A
R Nc R Nc Np Pp Vpp Punct Cs Mc Nc R Nc Vpi A Nc Cp Vpi Tx Pp Vpi Pi Pi Vxi Vpi Punct Dl
Am Nc R Nc Mo
Nc R Nc R Punct Np Punct Np Vxi Vpp R Nc R Nc R Np Punct Vpp Am Nc Np Dt Punct A
Am Nc Vxi Vpp A Nc R Am Nc Punct A
Nc Dd Tn Vpi Tx Pp Vpp Punct Cs Nc R Nc Vxi R Nc Punct Cs Pp Vpi Nc R Nc R Nc Punct A
Vpp Nc Am Nc Vpp Nc Ps R Nc Punct Cs Vxi Vpp Af Nc Punct A
Dt Dd Vpi Nc Vpp Nc R Np Punct Mc
R Pf Nc Punct Np Punct Vpp Mc Nc A Nc R Af Nc Punct A
Np Pp Vpp R Nc Mo
Np Vpp R Nc R Nc Punct Vpp Pp R Nc Nc Cp Vpp An Nc Punct Vpp R Nc Punct A
R Nc Nc Punct Vpp R Am Nc Punct Pp Vpi R Nc Punct A
Nc Vpp R Nc Cp Nc R Np Punct Mc
Pd Dd Vxi Vpi Tx Vpp Mc Nc Punct Pr Vpi Nc R Af Nc Punct A
Mc Nc Cp Nc Vxi R An Nc Cp A Nc Punct A
R Nc Vxi Vpp Am Nc Vpi R Nc Punct A
Vpp Pp Nc Dd R Nc Punct A
Hm Tx Tn Pp Vpi R Nc R Np Hf
Nc R Nc R Np Vnp Dm Dt Punct A
Cs Nc R Nc R Nc Vpi A A Nc R Nc Hm Punct Pd An Nc R A Nc Cp Nc R An Nc Punct Nc Ps R Nc Vpi Ti Punct Nc Punct A
Cs Nc R A Nc Vxi Vpp Nc R A Ps Nc Punct Dt Vxi Af Nc Punct A
R Pp Punct Vni Am Punct Cc Dm Vni Punct Pr Tx Vyp Vpp Punct A
Dq Dm Vxi Dd Punct Pr Nc Pp Vpi R Nc Punct Cs Tn Vpi Pn Nc Punct A
Pi Vxi Ps Nc R Nc Tx Vpp A Nc Punct A
Dt Punct Dd Vxi Vpi Tx Vpp Nc R Nc Ps Punct Vpp Am Nc Punct A
Dt Punct Cs Te Tx Vxi Vxi Vpp R Nc R Nc Punct A
Pd Nc Tn Vxi Vpp R Hm Punct Mc
Nc Cp An Punct Cs Tn Pp Vxi Vpp R Nc R Nc R Np Punct Mc
Ti Np Tx Vpp An Cp An Nc R Nc Punct A
Vpi Nc N
An Ps Nc Punct Vpi Ti Nc Punct A
Np Punct Mc Nc Punct Punct Nc Punct Np Punct Mc
Punct Vpi Pp Tx Pp Vpi Dq Dm Cp Tx Tn Pp Vpi Md R Nc Ps Punct Dq
Np Hf Punct Mc Nc Punct Punct Np Punct Np Punct Mc
Punct Np Punct Mc
Cc Pr Vxi Vpp Punct Tx Pp Vpp Dq Punct Nc
Pd Dt Vpi R Nc R Pc Punct A
Np Punct Mc Nc Punct Punct Nc Punct Np Punct Mc
Punct Vpi Pp Dd R Nc R Af Nc Punct A
Vpp Pp R Mc Nc Tx Vpp Punct Cs Pp Vpp Punct Cp R Pd Nc A Nc Punct A
Np Punct Mc Nc Punct Punct Nc Punct Np Punct Mc
Cc Cs Vpp Nc Punct Vxi A Punct A
Vpi Punct Cs Pd Nc Tx Pp Vpp Tx Pp Vpp Pi Tx Vpp Nc Punct A
Np Hf Punct Mc Nc Punct Punct Nc Punct Np Punct Mc
Punct Ta Punct Nc Punct A
Cc Nc Punct Cs Vpp Nc R Nc Punct Vxi Md Am Punct Cs Pd Vpi Nc R Ps Nc Punct A
Np Punct Mc Nc Punct Punct Nc Punct Np Punct Mc
Punct Tn Punct Vpi
Cc Cs Vpp Pd Nc Punct Vxi A Punct A
Cs Pp Vpi Dd R A Nc Punct Vxi Vpp Tx Vpp Dt Punct A
Np Punct Mc Nc Punct Punct Nc Punct Np Punct Mc
Punct Vpi Pp Punct Cc R Nc R Mo Nc Tn Vpi Md Punct Vpi
Vpi Pp Dd Tx Vni Nc R Pd R A Nc Punct A
Np Punct Mc Nc Punct Punct Nc Punct Np Punct Mc
Punct Ta Punct Nc Punct A
Vpi Tx Tn Vpi Md Nc Punct Cs Tn Vpi Md Punct Vpi
Np Hf Punct Mc Nc Punct Punct Nc Punct Np Punct Mc
Punct Vpi Pp Punct Dl
Am Nc Dd Vxi Vpp Am Ps Nc R Nc Punct Pr Dm Tx Vxi R Nc Ti Vpi Nc Cp Nc Punct A
Np Punct Mc Nc Punct Punct Nc Punct Np Punct Mc
Punct R Nc Tn Vpi Md Nc Punct A
R An Nc Tn Vxi Vpp Punct Cc Tn Vxi Vpp R Pd Pf Punct Vpi
Np Hf
Nc R Am Nc Np Hf
R Af Nc Vpi Nc Punct An Cp An Nc R Nc Punct A
Pd Pp Vpi R A Nc R Am Nc R Nc R Mo Nc Punct Vpp R Np Punct Mc
R Nc Af Nc Vpp Nc R Mc Nc Punct R Pr Pp Vpi Nc R Nc R Af Nc R Nc Punct Pr Vni Tx Vpp R Nc R Mo Nc Punct A
Af Nc R Pd Nc Vpi Dd R Nc Punct Vpi Nc R Np Punct Mc
Hm Vpp R Mc Nc R Np Hf
Nc Np Vpi R Nc R Nc Np R Mc Nc R Nc Np Punct Mc
Pd Vpp Am Nc Vpi R Nc R An An Nc R An Nc R Nc R Nc Np Hf Punct Mc
Nc Vpp Nc R Mc Nc R Nc Dt R Mc Nc Punct Pr Vpi R A Nc R Nc Punct Tx Vpp Pi Tn Vxi Vpp A Nc Punct Pr Vpp R Nc R Nc Punct A
Vpi Tx Vpp Af Nc Pi Nc Cp Nc Vxi Vpp Pd Nc Tx Vpp Punct Cs Tx Vpp Nc R Nc R Nc R Nc Mo
Punct Vpp Am Nc Punct A
Am Nc R Np Tx Vyp A R Nc Cp R Nc Punct Vpp R Nc Punct A
Nc R Pp Vpi R Mc Nc R Nc R Nc Punct A
Nc Vpp Punct Np Punct Punct Np Punct R Nc R Punct Hm Punct Mc
Np Punct Punct Np Punct Vxi Vpp Nc R Nc R Nc R Nc R Np Punct Vpp Np Punct Punct Vnp Dm R A Nc Punct A
Mo Nc Vxi Am Nc Punct Mc Nc Punct R Af Nc Punct A
Nc Vxi Vpp Pd Nc Vpi Nc R Punct Np Punct Punct Mc
Am Nc R Punct Hm Punct Hm Vpp Nc R Np Dq R Punct Np Punct Np Punct Tx Vxi Nc R Mo Nc Punct A
Nc R Np Cp Np Hm Vpp R Nc R Punct Hm Punct Np Punct Np Punct Punct Np Punct Punct Mc
Np Dq Ti Vni Tx Pp Vpp Dl
Punct Tn Vpp An Ps Nc Punct A
Punct An Vxi Tx Tn Pp Vpp Nc R Nc Punct Pr Vpp R Nc R Punct Np Punct Punct Mc
Dq Dt R Pd Nc R Nc Vni Vpp Nc N
Punct Vpp Pp Punct Dl
Vpi Nc N
Punct Vpp Vxi Mc Nc R Np Np Hf Punct Mc
Punct Vpi Tx Pp Vpp A Nc Punct A
R Am Nc Vxi Am Nc R Punct Np Punct Np Punct Pr Vpp R Nc R Af Nc Punct Np Punct Punct Mc
R Nc Pp Vpp R Nc R Nc Punct A
Punct Nc Hm Punct Am Ti Vxi R Nc Punct A
Punct Np Punct Mc
Vpi Pc Nc Punct Cs R A Nc R Np Punct Mc
Punct Vpp Nc Vxi Np Punct Punct Np Punct Punct Mc
Pi R Mc Nc Vxi Vpp R Pp Punct Dl
Punct Np Punct Vxi Nc R Punct Np Punct Punct Mc
Punct Vpp R Nc Pp Vpi R Af Nc R Nc R Pp Punct Dl
Punct Pp Tx Pp Vxi Nc Punct A
Punct Dt Pp Vpp Punct Cs R Nc Tx Vpi Am Nc R Np Punct Mc
Punct Vni Tx Vni Nc Punct Pr Dt Pp Vpi R Nc Punct A
Punct Nc R Nc Hm Vpp Ps Nc R Np Punct Mc
Pd Vpi Ti Punct Cs Tx Vpp Cp Vpp Nc R Np Punct Mc
Dt Vxi Vpp Punct Cs Nc Vni Tx Vxi Vpp R A Nc Punct Tx Vpi Punct Dl
Pd Vni Pn An R Nc Punct Pr Vpi Np Punct Mc
Punct Pi Tx Vpp Nc Pd Nc Punct A
Punct Nc Vxi Tx Pp Vpi Tn Dd R A Nc Punct Cp Cp R Af Nc Punct A
Mc Nc R Np Vpi Nc N
Mc Nc R Am Nc R Np R Nc Tx Vpp Nc Ps Vpp Nc R Nc R Nc Cp Nc Punct A
Dd Nc R Np Np Hf Cp Np Tx Vpp R Nc Punct A
Pd Nc Pp Vpi Cp Nc R Punct Np Punct Punct Pr R Nc Vpp Nc Ps R Punct Np Punct Punct Np Punct R Nc Punct Np Punct R Mc Punct Mc Punct Mc
Nc Np Hf
Vpp Pp Nc Ps
Vpp Pp Tx Vpp A A Nc Cp Tx Pp Vpi R Nc Cp Nc Ps Punct Dq
R Nc Pp Vpp R Af Punct Np Punct Np Cp Np Punct Cs Pp Vpp Tx Vpp Am Ps Nc R Np Punct Mc
Tn Pp Vpi Punct Cs Nc Pp Vpi R Nc Punct Dm Pp Vpp Cp Dd Vpi Af Ps Nc Punct A
Cs Nc R Pp Vxi Vpp Cp Nc R Nc Cp Nc Punct Pp Tx Vpp Nc R Nc Punct Vpp Pp Nc Cp Nc Dt Tx Pp Vpp R Nc Punct Af Cp Af Nc Punct A
Dd Tx Vpp Punct Cs Vxi Dm Punct Cc Vni Tx Vni Nc Tx Vpi Nc Ps R Ps Nc Punct A
R Mc Nc Nc Dd Vni Tx Vyp R Nc Ps Punct Cp R Pd Nc Vpi Cp Vpi Pp Dt Tx Vxi Pp Vpp R Am Nc Punct Vpp An Ps Nc Cp Nc Punct Cp Te Cp R Pp Pp Tx Vpi Ps A Nc R Nc R Pp Am Nc Punct A
Vpp Nc Ps R Pp Punct Cs Pp Vpp Cp R A Ps Nc R Nc Cp A Nc R Nc Punct Cp R A Ps Nc Punct Cs Pp Vpp Tx Pp Vpp R Nc Cp An Ps Nc Punct A
Cs Pp Vpi A Punct Dm Tx Pp Vpp R Am Ps Nc Cp R Vpp Nc Ps Np Punct Mc
Nc Dd Tx Pp Vpp Punct Cs Pd An Nc Pp Vpi R Am Am Nc Punct Cs Vpp Nc R Pp Am Nc Punct A
R Nc R Nc Tn Vxi Vpp Tx Vpi An Nc R Nc R Nc Cp Nc R Nc R Am Nc Punct A
R Nc R Af Af Nc Cp R Nc R Nc Tx Vpp An An Nc R Nc R R Mc Nc R Np Punct Np Punct Punct Mc
Dm Vxi Tx Pp Vpi Cp Vpi Nc R Nc R Nc R Nc Punct R Pr Vxi Vpp Am Nc Cp Nc R Nc Punct A
Nc Vxi Af Punct Cs Am Nc R Nc Ps Vni Dt Nc Mc Nc Punct A
Am Nc Vxi Vpp R Nc Ps Np Hf Cp Np Punct Vpi A Nc R Nc R Nc Pp Vpi R Nc Np Hf Punct Mc
Nc Punct Pr Vxi Vpp R Mc Nc Nc Punct Cp Af Ps Nc Vni Tx Pp Vpp R Mc Nc Punct A
Nc R Nc Vxi Vpp R Am Nc R Af Nc Punct Cs Vpp Nc Punct Nc R Nc R Mo Ps Nc Np Punct Dt Vpi Mc Nc Nc R Nc Punct A
Nc Tn Vpi Tx Pp Vpp Punct Cs Ps Nc Vni Tx Vxi An Nc Punct A
R Af Nc Vxi Vpp R Nc R Np Punct Mc
Punct Vpp Nc R Nc Punct A
Punct Vpp Nc R Af Nc Punct A
Am Nc R Nc R Nc Mo
Nc Vpi Nc Tx Pp Vpp Dd Nc R Nc R Np Punct Np Punct Mc
Vpi Tx Pp Vpi R Nc Ps R A Nc Punct Vpp R Nc Punct A
Nc R Nc Punct Pr Vpi Cp R Nc R Nc Punct Vpi Tx Vpp Nc Punct Np Punct Punct Vpi Nc Punct Np Punct Punct Mc
R Mc Nc Nc Pp Vpp R Nc Ps R Np Cp Np Punct Mc
Nc Vpi A A Vpi Nc N
Am Am Nc Punct Pr An Nc Vpp R Mo Nc Punct Vpi A A A Nc Punct Vpp Np Punct Mc
Pc R Nc R Nc Vxi R An Nc Cp Vxi Vpp R Am Nc R Np Punct Mc
R Pc Ps Nc Pp Pp Vpi R Nc Cp Nc R Af Nc R Af Nc R Af Nc Punct A
Dt Nc R Af Nc Vxi Vpp R Nc Ps R Nc R Nc R Af Nc Punct A
Am Nc Vpi Nc R Vpp Nc N
Nc R Nc R Af Nc R Nc R Mo Nc Vpi Punct Cs R Nc R Am Nc Pp Vpi Dm Punct Cs Nc Vpi Nc R Nc Punct A
Nc R Nc Nc A Nc
Nc Vxi A Cp A Punct Pr Tn Vxi Vpi A Nc R Md Nc Punct Tx Vpp Nc Ps Punct Vpp Np Dt Punct A
Dq Tn Vxi Vpp A Nc R R Mc Nc Cp A Nc R Nc R Nc Np Hm Punct Vpp Dq R Np Punct Mc
Nc Vxi Punct Cs An Nc Pp Vpi R Nc R Af Nc Punct Pr Tx Vpp Nc R Nc Punct A
Am Nc Vpi R A Nc R Nc Mo
Am Nc R Nc Mo Nc Nc Vpi R A Nc R Af Nc R Nc Punct Vpi Nc Punct A
Nc Vpp Dt Nc R Np R Mo Nc Punct A
Nc R Nc Vxi Nc R Nc Cp R A Nc Vpi Tx Pp Vpp Mc A A Nc Punct Vpp R Nc Punct A
Am Nc R Nc R Mc Nc Dt
Am Nc Punct Np Punct R A Nc Punct Nc R Punct Np Punct Punct Vpp Nc R Dt Punct Vpp Am Nc R Nc Np Dt Punct A
Np Hm Vpp Nc R Am Nc Vpi Nc Cp Tx Pp Vpp Punct A
Nc R Nc Vxi R Nc R Nc Np Punct R Nc Np Punct Mc
Am Nc Vpi Nc R Nc Punct A
Am Nc R Nc R Af Nc R Nc R Af Np Vni Vpp Nc R Nc Punct A
R Nc Vpi Cp Am Nc Np Punct Np Punct Np Punct Mc
Am Nc Dt Vxi Dm Tx Pp Vpp Md Nc R Nc R Af Nc Punct A
Pd Vpp Nc R Nc R A Nc Punct Np Punct R Pp Nc R Nc Np Hm R Nc Ps Dt Punct A
Dt Vxi R Np Tx Vpp Nc R Af Af Nc R Vpi Nc R Np Punct Vpp Te Nc Punct A
Pd Tx Vpp R Nc R Af Nc R Nc Ps Cp Tx Vyp Am Nc R Nc Punct Vpp Nc Punct A
Np Punct Np Punct R Np Punct Np Punct Vni Pn An R A Nc R Af Nc Punct Np Punct Punct Mc
Pd Vpp Dt Nc R Punct Am Am Nc Punct Np Punct R Pr Nc Pp Vpi A A Nc R Pp Punct Dl
Nc Vxi Vpp Nc R Punct Np Punct R Punct Np Punct Punct Cs R Nc Ps Tn Vxi Vpp A Nc Punct Vpp R Am Nc R Af Nc Punct A
Am Punct Np Punct Vpi Dd Nc R Np Punct Vpp Hm Punct Mc
Punct Np Punct Vpp R Am Nc Np Hm Punct R Pr Vpi Punct Np Punct R Np Punct Mc
Am Nc Vpp A Nc Cp Dq Vpp Tx Vpi Dm
Af Nc Vpp Punct Cs R Af Nc R Mo Nc Nc Vxi Vxi Dq Am Nc Punct A
R Mo Nc Pp Tn Vpi Dd Nc Punct R Cs Vxi Af R Nc R Nc R Nc Punct A
Nc Np Te Vpi Punct Cs Pd Nc R Nc Vxi Vni Tx Vxi An R Nc R Nc Punct A
Cs Vpp Nc R Nc Vxi R Nc R Np Punct Mc
R Mo Nc Pp Vpi Dm Nc Punct Vpi Md Nc R Nc Punct Nc Ps Vpp A Nc Cp Vpi Md R Mc Punct Mc
Pd Dd Vxi Dd R Nc Mo
Mc Nc Nc R Pp Vxi Vpp R Dq An Nc R Nc Cp Nc R Np Punct Mc
Vpp Pp Cp Nc Punct Cp Nc Punct Cp Nc Tn Vpi Pn R Nc R An An Nc Punct A
Pd Pp Vpp Af Nc Punct Vpp R Nc Vxi Dd Nc Punct Pr Vpi Nc Cp Nc Tx Pp Vpp Nc Punct Cs Vni Nc Punct A
Np Hf
R A A Nc R Af Nc Vpi Nc R Nc Punct A
Nc Pp Vpi Cp R Nc Punct Pr Vxi Vpp R Nc Punct A
Cp Cs R Nc R Nc Mc Nc Pp Vpi Md R Mc Nc Punct R Nc R Mo Nc Pp Dt Pp Vpi R A Nc Punct Cs R Nc Vni Nc Cp R A Nc Punct A
Md Nc Cp Nc Punct Pr Vpi Punct Pp Vpi R Nc Punct Pd Nc R A Nc Pp Vpp Dm R Nc R Np Punct Mc
Vpi Nc N
Am Nc Np Hm Vpp Nc R Mc Nc Dl Punct Dl
R A Nc Nc Pp Vpp R Am Nc R Nc Punct Vpp Np Punct Punct Pr Vpi Cp R Nc R Af Nc R Pp Punct Dl
Nc R Mc Nc Vxi R R Mc Nc Punct A
Nc Punct Nc Punct Nc Mo
R Af Nc R Nc R Nc R Nc R Nc R Af Af Nc Punct Af Nc Cp A Nc Punct R An Nc Tn Pp Vpp Punct A
Am Nc Vxi Vpp Punct Nc Pp Vpi Punct Cc Cp R Am Nc Nc Vni Punct Mc
R Nc R Nc Vpp Cp Nc R Nc R Nc Cp Nc R Af Nc Punct A
R Cp R Md Punct Vpi Nc Punct Te Cp Pd Nc R Nc Af Nc Vpi Dm Dl Punct Dl
Nc Vpp Nc R Nc R Nc Ps Punct Dq
Nc R Nc Dm Pp Vpp Cp Nc R Pc Nc Cp A Nc Punct A
Nc R Pf Nc Vpp Punct Cs Vpi Tx Vpp Nc R Nc Punct Cc Pd Tn Pp Vpp Punct A
Dt Pp Vpp Punct Cs Pd Nc Tx Vyp Vpp R Nc Punct Cc R Pd Nc Pn Tn Vpi Punct Dl
Np Hf Cp Np Hm Vpp Nc Ps R Am Ps Nc Punct A
Af Nc Vpi Tx Tn Vxi Vpp Vxi Dm Vpp Nc R Nc Punct Np Punct Np Punct Nc Cp Nc Punct A
Nc R An Vpp Dl Mc Nc R Nc Punct R Am Nc Vpi Nc R Nc R Nc R Nc R Nc R R Mc Nc Dt Punct A
R Am Ps Mo Nc Nc Vxi Vpp Tx Vpp Cp Nc R Nc Punct Nc Punct Vpp R Nc Punct Nc Punct Vpp Nc Punct Np Punct Mc
Cp Pd Vxi Dm Punct Cs Af Nc Vxi Dq R Mo Nc Punct A
Nc Pp Vpi R Vpp Nc N
Am Am Nc Vpi R Am Am Nc R A Nc Cp Af Np Punct Dd Cp R Np Punct Mc
R A Mc Nc Nc R Nc R A Cp A Nc Pp Vxi Vpp R Am Nc Punct A
Nc Vpp A A Nc Punct Np Punct Punct Nc R Nc Np Punct Mc
Nc R Nc Vxi R An Nc Punct Vpp R Nc Punct Punct Mc
R Nc R Nc Pp Vpi Punct Cs Vpi Nc R Nc Punct A
Nc R Am Nc Dd Vpi R Nc Vpi R Pc Vpp Nc R Nc Nc Np Punct Mc
Nc Vxi Vpp Punct R Pr Vpi Md A Nc Punct A
Dq Vpi Nc R Nc Mc Nc Nc Vpi Punct Cs Np Vxi Nc R Pp Punct Dl
R Mc Nc Nc Vpi R Nc R Nc Punct A
Af Nc Te Vpi Punct Cs Nc Vxi Pd Punct Pr Vpi Nc Punct A
Dd Am Nc Vxi Pd Punct Pr Vpi Punct Cs Nc Vxi Am Nc Punct A
Dq Mc Nc Vpi Punct Cs Vpp Nc R Nc Punct A
R Nc R Nc Am Nc Tn Vxi Vpi Te Nc Tx Pp Vpp R Am Ps Nc Punct A
R Af Nc An Nc Punct Pr Vni Tx Vpi Nc Punct Vxi Tx Tn Vpi R A Ps Nc Punct A
Am Nc R Nc R Nc Ps R Np Hf
Am Nc R Mo Nc Mo
Am Cp Am Nc R Np Np Hm Vxi Vpp R Nc Np R Nc Nc Punct Vpp Np Punct Mc
Am Nc Cp Nc R Af Nc Vxi Vpp R Mc Nc R Nc Ps R Nc Punct Np Punct Punct Mc
Pp Vxi Vpp R Mc Nc R Nc Punct Np Punct Punct Mc
Mc R Pp Vxi Vpp R Nc Punct A
Am Nc R Nc Punct A
Am Nc Pp Pp Vxi Vpp R Np Punct R Pd Vpi R Np Punct Mc
R A Nc Dm Vpp Md Am Nc Punct A
Pp Vpp Nc R Af Af Np Punct Mc
Vni Pp Punct Cs Vni Nc R Af Nc R Np Cp Np Punct Mc
Np Punct Np Punct Vxi Nc R Af Nc Punct Np Punct Punct Mc
Vni Pp Punct Cs Nc R Nc Vni Tx Vxi Am Nc R Nc Punct A
R Np Punct Np Punct Vpp Am Nc R Nc Punct A
Nc Vpi A Nc Punct Nc R Np Punct Cp A Nc Punct Nc R Np Punct Mc
Nc Pp Vpi R Nc R Np Punct Mc
Nc Vpi A Nc Cp Vpp Dl
Nc Vpi A Nc Cp Nc R Np Dt Punct Vpp Np Punct Mc
Nc Vpp R Nc R Nc Mc R Nc Punct Vpp Np Punct R A Nc Punct A
Nc Cp Nc Vni Punct Mc
Nc Vxi Vpp R Nc R Af Af Nc R Nc Punct Np Punct Cp A Nc Punct Np Punct Punct Mc
Nc R An An Nc Vxi Vpp Nc Punct A
R Mc Nc Pp Vpp R Nc Nc R Pp R Nc R Np Punct Mc
Tn Vxi Vpi Nc N
Punct Vpp Nc R Punct Np Punct Punct Mc
Am Nc R Nc R Nc Mo
Pc Nc R Nc R Nc R Nc Tx Vyp Vpp R Nc R Am Am Nc Punct Vpp Nc Ps Np Punct Mc
Nc Vxi Nc R Np Punct Cs Dm Vxi Vxi Vpp R Nc Np Punct Mc
Nc Vxi Vpp Tx Pp Vpp Pi Pp Vpi Nc R Af Nc Punct Np Punct Mc
Pd Vxi R Nc Punct Cs Vpp Am Nc Vpp R Am Nc R Np Punct Mc
Cs Tn Pp Vpi Np R Nc Punct Vpi Nc R Vpp Nc N
R Af Nc Vpi Ps Nc Vpi R Af Af Nc Punct A
I Punct Tn Vni Tx Vxi Pp Vpp Punct A
Md A Nc Dd Np Cp Af Nc R Nc R Nc Cp Nc R Af Nc R Af Nc Punct A
A Nc Vni Tx Vpp R Nc Punct A
Cs R An Ps Nc Nc Vpi Dm Cp R A Nc Punct A
Pd Cp Pd R Mc Nc Dt Punct Pr Vpi An Nc Pp Vpi Punct Cs Vxi Am Tx Pp Vpp Punct A
R Pd R Pd A Nc Tx Vpi Nc Punct Nc Cp Nc R Nc Punct Cs Vni Nc R Af Nc Punct A
Cp Nc Ps R Pp Vxi Af Nc R Af Nc Punct Vpp Nc Punct Vpp Nc Cp Nc R Nc R Pf Nc Punct A
Vni Pi Tx Pp Vpp Pd Pi R Nc R Nc Punct Pr Mc Nc Am Nc Punct Vpi Pd Punct Pr Dq Dq Tn Vxi Vpp R An Nc Punct A
Pf Tx Vpi R A Nc R Np Np Hm Punct Nc R Nc Punct Np Hm Punct Vpp Hm Punct Vpp Pp R Am Ps Nc Punct R Pr Vpi Punct Nc R Np Punct Punct Punct Np Hf Punct Np Hf Punct Np Punct Np Hf Punct Np Hf Punct Np Hf Punct Mc
Am Nc R Pd Nc Vxi Am Punct Np Punct Punct Np Hf Punct Np Punct Punct Np Punct Np Punct Punct Np Punct Np Punct Punct Mc
R Af Nc R Nc Ps R Nc Pp Vpp Cp Nc Punct Pr Te Vxi Vpp R Af Nc Vpi Nc Nc Np Hm Punct Am Nc Np Hm Punct Nc Am Nc Np Punct Np Punct Mc
Pf Vpi A Cp A Nc Dq Dt Pp Vpp Punct A
Np Hf Cp Np Hm Dm Pp Vpi Nc R Nc R A Nc Punct R Pr Vpp R Nc Np Hf Punct Mc
Nc Dd Vpi Af Nc R Nc Nc R Af Nc Punct Vpp R Am Nc Punct Cs Tn Pp Vpi Punct Vni Tx Vpp Punct Vpp Pp Punct Punct Mc
R Nc Pp Vpp Cp A Punct A
Pp Pp Dm Vpi R Af Af Nc Punct Pr Vpi Dm Nc Punct Pr Pp Vpi A Nc R Nc R Nc Cp Nc Punct A
Nc Punct Vpp R Nc Vpi A Nc Punct Pp Vpi Nc R Nc R Np Punct Mc
Cc R Nc Dd Vpi Af Nc Punct Cs Dq Dt Pd Dm Pp Vpp Punct Cs Vpp Nc R Vpi Pp Nc Punct Cs Pp Vpp Cp Nc Punct A
Mc Nc Nc Vpi Nc R Np Punct Vpp R Af Af Nc Punct Vpp R Nc Cp Nc R Nc R Af Nc R Nc R Nc R Nc Te Vpp R An Nc R Af Ps Nc Punct A
R Nc R Am Nc Pp Vpp An Ps Nc R Af Nc Punct A
Nc R Nc Nc R A A Nc Nc R Np Vpp Pd Punct Pi
Nc R Nc Punct Pr Vpi Nc Punct R Nc Punct Np Punct Punct Vxi Dq An Punct Cp Pd Nc Vpi Punct Dl
Vpi Pp A Nc Punct A
Vni Cp A Nc Punct A
Cp Pp Vxi Pd Punct Pr Vpi Nc Dt Punct A
Pd Pf Punct I Punct Pp Vpp R Nc Cp Nc Ps Np Punct Mc
Pp Pp Vpi Punct Vpi Pp R Nc Cp Vpp Tx Pp Vpp Punct A
Cs Pp Vpp Nc Punct Tx Pp Vpp Nc N
Punct Vpp Pd Am Nc Punct A
Am Nc Dd Vxi Vpp R Am Nc R Np Np Hm R Np Punct Pr Vpi Tx Vpi An Nc Punct A
Dd R Nc Np Punct R Pr Pp Vpi R Punct Np Punct Punct Mc
Pd Dd Am Tn Pp Vpi R A Nc Punct Pr Vpi Nc Ps Pp R Nc Punct Te R An Nc Punct Cs Nc Vpi Tx Vpp Am Nc Np Punct Mc
Cp Dd Pc Vxi Dm Punct Pr Vpi Nc Punct Pp Vpi Nc R Nc Punct A
Cp Cs Nc Vxi Vpp Tn Dd R Nc Punct Cp R A Nc Punct Pp Vxi Vpp Pp Punct Dl
