JJ NNS IN DT NNP NNPS CC NNPS NNP , NN WDT MD VB WRB DT JJ JJ NN NN MD VB NN , VBG DT JJ NN TO DT NN POS NN IN JJ . -RRB-
DT NN , WP$ NNS VBP NNP NNP NNP -LRB- NNP , NNP NNP , MD VB DT NNP NNP NNP IN VBG JJ VBG NN IN VBG DT JJ NN CC NN NN NN WDT MD RB VB VBN IN DT JJ NN -RRB-
DT NN VBZ TO VB DT NNP TO NNP NNS RB , IN DT NN VBZ JJ JJ NN -RRB-
`` JJ NN `` JJ '' NN VBZ JJ CC JJ , RB RBR JJ IN JJ NNP NN , '' VBD NNP NNP NNP -LRB- NNP , NNP -RRB- , DT NN POS JJ NN -RRB-
DT JJ NN NN IN DT NN NN NN VBZ VBG $ CD CD IN NN VBN IN DT RB VBN NNP NNP
DT NN NN VBD VBN IN DT JJ NN IN NN TO VB DT NN NN IN VBG DT NN NN -RRB-
DT $ CD CD MD VB VBN IN NNP NNS , WDT VBP JJR NN . -RRB-
CC DT NNP RB VBZ `` VBG '' NN TO VB DT JJ NNS IN NNS WDT VBP VBN , IN DT NNS MD VB VBN . -RRB-
DT NN MD VB VBN RP IN DT NNS VBP VBN , VBG DT JJ NN IN DT NN IN $ CD CD , CC $ CD CD VBG NN IN CD . -RRB-
`` PRP VBZ DT NN WDT RB VBZ TO VB VBN , '' VBD NNP NNP , NN NN IN DT NNP NNP
DT NN VBZ RB VBN RB $ CD CD VBG CD JJ NNS , CC PRP VBZ JJ TO VB CC VB CD IN DT NN DT NN . ``
JJ JJ NN NN , PRP VBD , DT NNP MD VB VBN TO VB JJ NN NNS IN NN MD VB VBN IN VBG DT JJ NN -RRB-
`` PRP MD VB TO VB IN PRP VBP VBN IN DT NNS IN PRP MD VB RP , '' VBD . ``
DT JJ NN IN DT JJ JJ NN VBZ VBN DT NN -RRB-
DT NN VBZ VB DT NNP TO VB IN DT NN RB TO $ CD CD IN DT NN -RRB-
RB , PRP VBZ DT NNP POS JJ NNS MD RB VB $ CD CD , CC DT NN VBZ VBN IN VBG NNS CC JJ NN , CC RB IN PRP DT NN NN IN DT NNS DT NNP . ``
CC NNP VBD RB VB CC VB JJR JJ NN , VBP NNS IN DT NNP POS JJ NN , CC NNP NNP NNP -LRB- NNP , NNP . -RRB- VBD DT NNP NNP NNP VBZ VBN VBN IN RB VBG NNP NNP NNP
`` DT NN VBZ TO DT NN IN DT NN IN NNPS CC NNPS , WDT VBZ TO VB NN IN NN , '' VBD . ``
`` DT NNP VBZ VBG TO VB TO VB DT NN IN JJ NN IN DT NNP IN PRP VBP DT NN IN NN . -RRB-
DT NNPS CC NNPS NNP MD VB DT NN IN DT NN IN NNP NNP
PRP VBP RB TO VB IN NN . -RRB-
NNP IN DT NNS IN NNP POS JJ NN NN CC DT NN WDT VBZ VBN , DT JJ JJ NN NNS VBP VBG RP JJ NNS VBG DT JJ NN : VB IN NN , DT NN POS JJ NN -RRB-
PRP$ NN VBZ TO VB NNS IN VBG DT NN , IN JJ NNS VBD IN NN IN DT NN NNP NNPS
RB NNS IN DT CD NN , JJ NN NNS VBD RP NNS TO VB . -RRB-
DT NN RB , PRP VBP VBG RB . -RRB-
NNP NNP , DT JJ NN JJ IN CD RB NNP NN CC VBD PRP IN DT NN IN JJ NN -RRB-
NNP NNPS VBD JJ NNS IN NNS NN , CC VBD DT JJ NN IN NN -RRB-
NNP NNP NNP NNP IN NN NN VBD RB VBN JJ NN . -RRB-
PRP VBD VBG PRP IN NN NN POS NNP NNP VBD CC VBD RB TO VB DT NN IN NN -RRB-
JJ NN NNS , VBG NNP NNP CC NNP , VBD VBG RP JJ JJ NN . -RRB-
DT NN NNS VBD DT NN DT JJ NN RB , WRB JJ NNS VBD DT NN NNS CC VBD DT NN IN DT NN -RRB-
DT NN , DT NNS VBD VBN -RRB-
NNP , IN NN , VBN IN JJ NNS RB IN NN IN DT NN NN -RRB-
WRB DT NN VBD IN PRP$ JJ NN NNP NN , DT NN NN VBD JJ NNS IN DT NNP NNS IN PDT DT NN . -RRB-
DT NNS VBD NNP POS JJ NN IN DT JJ NN , `` NNP VBZ JJ IN PRP$ NN . -RRB-
DT NNP NN VBZ DT NN , WDT RB VBD NN CC WDT JJ NNS VBD RB VB RB , VBD RB VB DT JJ NN IN NNS IN DT NN -RRB-
`` DT NN IN NN NN VBZ IN DT NN IN PRP MD VB TO PRP , '' VBD . ``
`` TO VB DT NN VBZ RB . -RRB-
PRP MD VB VBN RB JJ TO VB RB IN NNP NNP
PRP VBD TO VB IN PRP RB IN NN . -RRB-
NNP POS NNP NN VBZ DT NN RBR , VBG NNS TO VB IN DT NN CC RB TO VB IN IN NNP NNP
VBG DT NN `` JJ , '' PRP VBZ , `` VBN IN DT NNS IN DT JJ NN , DT NNS VBP TO VB PRP$ NNS VBP VBN TO VB VB PRP IN DT NN POS NN . -RRB-
PRP VBZ RP TO VB DT JJ JJ NNP NNS IN NN -RRB-
NNP RB VBD JJ TO NN RP RB NNS TO DT CD NN -RRB-
IN DT NN IN DT CD NN , DT NN NN VBD VBG NNS JJ , RB VBG PRP$ NN RB RB JJ TO NN DT NN IN DT NN VBD CC VBD PRP IN DT NN IN NN -RRB-
PRP RB VBD DT NN IN NNP NNP NNP IN WDT NNP MD VB TO VB PRP$ JJ NN -RRB-
DT JJ NNP NN , VBN IN NN NN NNP CC NNP NNP , VBZ NNP NNP , CD IN DT NN POS RBS JJ NN NNS , VBG RB . -RRB-
RB RB IN DT NN VBD NN , PRP VBZ NNP NNP VBG , `` PRP VBP DT NN RB IN VBG IN DT RB JJ NN : ''
PRP VBP TO VB IN DT NN NN VBZ RB DT NN TO VB IN JJ NN . -RRB-
DT NN VBD VBN TO VB CD NNS IN DT JJ NN -RRB-
NNP VBD DT RB RBR VB , VBG JJ . -RRB-
RB , PRP VBD IN RB VBG DT NNS WP VBP PRP$ NNS TO VB DT NN IN DT NN -RRB-
`` PRP VBP VBG DT JJS NN IN NN MD VB VBZ TO VB DT NN VB RB CC VB NN , WDT RB VBZ DT NNS RB RB , '' VBZ NNP NNP , NNP POS NN IN NN -RRB-
`` IN PRP VBD PRP CC VBD PRP VBZ , DT JJ NN VBZ RB VBN . -RRB-
PRP VBZ , `` DT VBZ RB CD NN . -RRB-
IN DT NN NN CC RB VBG RP RBR IN CD NNS NN , NN NNS VBD TO RB VB -LRB- NN -RRB-
IN NNP NNP , NNS VBD JJ JJ NNS NNP NN CC IN DT NN , RB VBD TO VB NN NN -RRB-
DT NN VBD VBN TO VB CD IN NNP POS NN , '' `` WRB PRP VBP '' NNS , WDT VBP VBN VBG RB IN NN TO NN NNS IN . -RRB-
DT NN MD VB VBN IN DT NNP NNP NN , VBG DT NN NN IN NNP POS JJ NN NN , `` NNP IN NNP . -RRB-
CC IN DT NN IN DT NN VBD NN , NNP NNS VBD RB TO VB RB IN DT JJ NN -RRB-
`` PRP VBP RB VB IN DT NN NN VBZ TO VB VBN -RRB-
DT NN VBZ TO VB VBN RB : PRP VBP VBG DT JJ NN , '' VBZ NNP NNP NNP , JJ NN NN IN NN -RRB-
IN DT NN , DT NN NNS VBP RB VBG JJR TO VB JJ NNS IN PRP VBD IN DT NN IN . -RRB-
CC PRP VBZ TO VB VBN IN PRP$ NNS MD VB DT JJR NN -RRB-
IN CD , IN DT NN IN NNS IN JJS IN DT JJ NN NNS , NNS VBD IN DT NN IN NNP NNP
RB DT NNS MD VB PRP$ JJS TO VB DT NN MD VB DT NN . -RRB-
NN NNS : ''
NNP NNP NN
NNP NNP , JJ NN IN NNP NNP , NNP NNP , VBD DT NN IN NN TO VB DT NN NN IN NNP NNP , DT JJ NNP NN -RRB-
NNS VBD RB VBN -RRB-
NNP NNP , WP VBD PRP$ NNP NNP NN IN NNP , VBZ NN CC JJ NN IN NNP NNP
NNP NNP , DT NN POS NN CC JJ NN , MD VB DT NN IN NN -RRB-
RB , NNP POS NNP , NNP NNP , NNP , VBN NNP TO VB PRP$ VBN $ CD CD JJ NN NN IN DT NNP , NNP , NN -RRB-
DT NN VBD VBN VBN IN NNP NNP , NNP NNP NNP
NNP NNP NNS
DT JJ NN NN TO NNP NNP POS JJ `` JJ NN '' NN VBZ IN NN NNS TO VB PRP$ NN TO VB VB DT NN POS NN NN -RRB-
DT NN , DT JJS RB IN DT NN , VBZ NNS IN CD JJ NNS CC VBG RP DT JJ NNP NN NN IN NN -RRB-
DT NN MD VB CD NN IN DT JJ NNS IN DT NN IN NNS TO JJ . -RRB-
PRP VBP WP DT NN IN NNS VBZ , VBP RB . -RRB-
PRP POS CD CD -RRB- IN WRB PRP VBP IN , UH , PRP RB IN NNP NNP : LS -RRB- VBN IN PRP VBZ JJ TO VB IN DT NN IN DT CD NNS JJ : CC CD -RRB- VBZ IN CD NNS VBN IN CD NNS MD VB JJ JJ NN CC NN NN -RRB-
NNP , DT NN IN DT JJ NN , VBZ DT JJ NN IN DT NN , CC DT JJ NN NN VBN RP IN DT NNP NNP NNPS IN DT NNP NNP JJ NN -RRB-
DT NN WDT VBD NNS IN DT NN IN DT NNP NNP IN DT NNP NNP NNS VBD VBN TO RB CD IN CD NNS IN DT NNP NNP NNP POS , DT NN WDT VBD VBN VBN RB RB IN DT NNP NNP NNPS CC NNP NNP IN JJ NN POS NN -RRB-
RB , RB IN DT NN VBD VBN IN DT VBZ WP VBD DT VBG RP TO NNP -RRB-
IN NN CD , IN DT JJ NNP NN IN DT NN IN JJ NN , DT NN IN DT NN RB VBD VBN IN DT NNP POS NN , NNP NNP NNP
PRP VBD DT JJ NN IN NNP NNP IN DT NN VBZ IN NN CD TO VB PRP$ NN POS NN IN NN TO DT JJ NN , WRB RB . ``
RB WP IN NNP VBD VBN RB CD NN VBZ IN CD JJ NNS , CC NNS IN DT JJ NN IN DT NNP POS NN -RRB-
`` IN PRP VBP PRP$ NN , CC VB DT JJ NN , NN MD VB , '' PRP RB . ``
IN NNP NN , RB DT JJ IN DT NNS IN NN CC NN VBG RP NNS TO VB DT NN IN JJ CC , DT NN , JJ NNP NNP
NNP NNP , DT JJ , JJ NNP JJ NN , VBD CD NNS IN CD IN CD , CD JJR IN PRP MD VBD IN DT JJ JJ NN IN WDT PRP VBD VBN NNP NNP
DT NN VBD CD CD IN CD , VBG DT `` NN IN DT NN , '' VBD CD IN PRP$ NN POS CD NNS CC VBD CD IN PRP$ NNS IN DT JJ NN -RRB-
NNP NNP NNP VBD DT NNPS TO CD NNS TO VB IN DT NN IN DT JJ NN IN DT NNP NNP NNP
IN PRP VBD DT NN POS JJ NN IN PRP$ JJ NNP NN IN DT JJ NN , CC CD NNS IN NNP IN DT NNS , VBZ PRP MD VB DT NN IN VBG , CC IN DT NN PRP$ JJ NN VBZ NN , WDT MD RB VB DT NN -RRB-
DT JJ NN IN NNP NNP , DT NN WP VBZ JJ NNS TO VB DT NNPS CC DT NN CC CD NNS IN CD NNS IN NNP POS NN -RRB-
`` DT NN PRP VBP IN EX VBD DT JJR NN IN DT NN RB , '' NNP NNP NN NNP NNP NNP
PRP VBZ DT NN WP VBZ CD IN DT JJ NNS IN DT JJ NN , WDT VBZ IN DT NN IN PRP VBD IN DT JJ NN -RRB-
DT NN IN DT NN VBZ IN DT NNP POS NN IN NNP NNP POS NNP NNP NN IN CD NNS TO NN IN DT NNP NNP NNP
DT NN TO VB IN RB VBZ IN IN CD IN CD NNS -LRB- CD IN NN -RRB- WDT VBD NNP NNP VBZ VBD RP TO VB PRP . -RRB-
DT VBZ RB DT NN TO NNP NNP NNP NNP
PRP MD VB IN DT NN NNS IN DT NN IN DT JJ NN NN -LRB- WDT VBZ DT JJR NN IN DT JJ NN IN `` JJ , '' VBP RB PRP VB NN -RRB- MD VB VBN RB IN DT NNS , CC PRP VBP PRP IN JJ NN -RRB-
NNS IN DT CD NNS VBD NN IN NN IN DT JJ NNS IN NNP CD , CC IN PRP VBD PRP$ NNS CC VBG DT NN , NNP VBD DT JJ , IN JJS RB RB IN PRP VBZ . -RRB-
DT JJ NNS RB VBD RP VBG NN VBG DT NNS CC NNS IN DT NN -RRB-
`` PRP VBP IN DT NNP NN , CC RB IN PRP VBN NN -RRB-
PRP VBP PRP . ''
DT JJ NN PRP VBP VBG IN VBZ IN DT NN TO VB CD NNS , '' VBD NNP NNP , DT NNP NNP , IN DT NN IN NNP POS . -RRB-
DT JJ VBZ DT NN IN DT NNP CC NNP NNP
PRP VBP TO VB PRP VBZ DT NN , IN PRP RB VBD IN DT NN IN RB IN NN IN RB , VBG DT NNP POS CC NNP , VBZ RB IN RB . -RRB-
VBG PRP TO VB IN IN DT VBD DT NNP NNP NNP NN , CC CD IN DT NNP NNP CC NNP NNPS -LRB- NNP , PRP VBZ JJ -RRB- , PRP MD VB JJ NNS IN DT JJ NN TO VB VBG NNS , CC RB DT NN MD VB DT NN -RRB-
NNP , DT NNP POS VBD PRP DT NN IN NNS TO VB . -RRB-
IN DT NN NN , IN NNP CC NNP , EX VBD NNP NNP , DT NN , NNP NNP WP VBD VBN DT NN NNS IN DT NN TO CD NN -RRB-
PRP VBD NNP NNP -LRB- VBN IN NN CD -RRB- , VBD DT NN RB IN DT NNP POS JJ JJ NN , CC CD IN PRP$ NN POS JJ NN -RRB-
JJ VBZ PRP$ NN IN DT NNP NNP VBZ IN WRB PRP VBD PRP$ JJ NN NN VBN JJ NN , DT NN WP VBD PRP VBD TO VB DT NN IN TO PRP IN NN IN DT NNP NNP
RB PRP$ NN : NNP NNP . -RRB-
DT NNP POS NN IN DT JJ NN VBD NNP NNP , WP VBZ DT JJ NN IN DT JJ NN -RRB-
PRP VBD NNP IN DT NNS IN CD NNS , CD , CC CD JJ NNS IN CD IN CD , CC VBD IN IN VBG NNS IN DT NN NNP , RB IN NN , VBG DT NN CC VB DT NN -RRB-
`` WRB PRP VBP IN DT NN , PRP VBP DT NN RB , '' VBD . ``
DT JJ NNS IN DT NN VBD NNP NNP , NNP NNP CC NNP NNP , DT NNPS POS NNP NNP NNP
PRP VBD IN CD NNS , CD NN NNS CC CD NNS JJ IN IN DT CD NNS IN DT NNP NNP
PRP VBD DT JJ NN RB , IN CD CD CC NNP NNP
PRP VBZ DT JJ NN IN NNS , RB RB IN NN RB , WDT VBZ DT NNPS VBP IN DT NNP NNS TO NNP -RRB-
`` PRP VBP IN DT NN IN NNS , '' VBD NNP NNP NNP NN NNP NNP IN NN . -RRB-
`` PRP MD RB VB DT JJ NN WP VBZ TO VB RP IN DT JJ NN IN DT JJ NN WP VBZ JJ . -RRB-
CC DT JJ NN VBZ RB VBN DT NN IN WRB JJ NNS MD VB TO DT NN -RRB-
`` WRB PRP VBZ , PRP RB VBP WRB PRP MD VB PRP RP , '' VBD . ``
`` DT -LRB- NN -RRB-
NNP NNP VBD DT CD NN NN IN JJ JJ NN , VBG JJ NN WDT VBD PRP$ JJ NN NNS TO NNP -RRB-
JJ NN IN DT NN VBD TO $ CD CD IN $ CD CD , IN WDT NNS VBD VBN -RRB-
CC JJ NN VBD RB CD NN TO $ CD DT NN IN $ CD DT NN , IN DT NN VBD PRP$ NN NN NN -RRB-
JJ NNS JJ VBD TO CD CD IN NNP . -RRB-
NN VBD CD NN TO $ CD CD IN $ CD . -RRB-
DT NN NN , WDT VBZ JJR IN PDT PRP$ NNS IN DT NNP , RB VBD DT JJ NN IN DT JJR NNP NN MD `` RB VB '' PRP$ JJ NN CC `` VB PRP JJ '' TO RB CD . -RRB-
NNP VBD NN VBD DT IN DT NNP CC RB , VBG DT JJ NN IN DT NN . -RRB-
DT NN , RB , VBD NNS IN DT NNP VBD `` JJ NNS '' IN DT JJS . -RRB-
NNS VBP DT NNS IN CD NN TO CD NN , DT JJ NN IN PRP VBG IN JJ NNS VBN IN DT JJ IN NNP POS JJ NN -RRB-
IN NN TO DT JJ NN IN DT NN NN , NNP , WDT VBZ VBN NN NNS CC JJ NN NN , VBZ RB VBN IN DT JJ CC JJ NNS , `` NNS IN DT NN WDT VBP RB RB VBN JJ , '' VBZ NNP NNP NNP , DT NN IN NNP NNPS NNP NNP
DT NNS , VBN IN DT JJ NN , MD RB VB DT JJ NN POS NNS , NNP . ``
IN DT JJ JJ NN , NNP VBD NN IN $ CD CD , CC $ CD DT NN , IN NN IN $ CD . -RRB-
NNP NNP VBD PRP VBD PRP$ JJ NNS IN CD TO $ CD DT NN IN $ CD DT NN -RRB-
NN NNS VBD VBN TO $ CD CD IN $ CD . -RRB-
JJ NN , NNP VBD JJ NN IN $ CD CD , CC $ CD DT NN , IN $ CD CD IN NN -RRB-
IN DT CD NNS , DT NN POS NNS VBD CD NN TO $ CD CD , CC $ CD DT NN , IN $ CD CD , CC $ CD DT NN -RRB-
NNS VBD CD NN TO $ CD CD IN $ CD . -RRB-
IN NNP NNP NNP NNP JJ NN NN , JJ NNS VBD CD NNS TO VB IN NNP . -RRB-
VBG PRP$ NNP CD NN `` NNP NNP NNPS NNP NNS POS NN TO VB , '' PRP VBP JJ IN NNP NNP VBZ RB VBG RP TO DT JJ , JJ NNS IN DT JJ JJ NN -RRB-
IN DT NNS VBP JJ , RB , WRB NN DT NN TO DT JJ , JJ NNS WP$ NN TO VB IN DT NN VBZ JJ IN . -RRB-
WRB RB VB DT JJ JJ NNS TO DT NNS NN , CC VB NNS DT NN NN IN JJ NN VBN IN WRB JJ NN PRP VBD IN PRP$ NNS IN DT NN -RRB-
DT MD VB DT NN IN CD , CC VB DT NN NN VBN RB IN JJ NN , JJ NN CC JJ NN -RRB-
RB , MD RB RB VB DT NN -RRB-
NNP NNP NNP NNP NNP , NNP NNP
NNP NNP , DT NNP NNP NNP NNP NN , VBN IN NN IN CD NN , CD CC DT NN NNS IN DT JJ NNP NN NN NN -RRB-
IN NNP CC NNP , NNP NNP NNP VBD RB VB DT NN IN JJ NN , CC RB PRP VBD VBN IN JJS IN DT NN IN NN -RRB-
`` PRP VBD NNS DT NN RB IN DT NNPS , '' VBD . ``
`` PRP VBD VBG RP DT NN : NNP , NNP , NNP , NNP NNP
NNS VBP VBG IN JJ NNS TO VB , CC NN VBZ TO VB PRP$ NN RB . -RRB-
IN JJ IN NNP POS NNS NNS , PRP VBD DT NN WDT VBD RB IN DT JJ NN -RRB-
IN NNP , DT NN VBD IN NNP . -RRB-
CC IN DT NN VBN IN DT NNP NNP NNP NN , DT NNP VBD DT NN IN NN -RRB-
RB PRP VBD NN IN DT NN NNS IN NNP POS JJ NN -RRB-
IN DT NN IN NNP NNP POS NN JJ NNP , DT NNP NN VBD VBN RB . -RRB-
CC IN DT NN IN VBG RB NN , DT NNS VBD IN JJ NN IN NNP IN DT NN RB TO WRB JJ DT NN NN . -RRB-
IN DT NN NN RB VBD IN NN IN CD NN , DT NN IN NNP VBD . ``
CC PRP VBD JJ NNS IN NNP NNP
NNP NNS VBD RP DT JJ CC JJ CD NN IN JJ NN : NNP NNP NNS VBD CD NN IN JJ NN -RRB-
IN NNP POS NN NN IN NNP NNP , DT JJ NN IN DT NN IN DT JJ NN , JJ NN VBZ VBN DT NNP NN POS JJ NN : DT NNP NNP NNP CD NN NNP NNP
NNP NNS IN DT NNS VBD VBG NNS : JJ NNS , VBG . -RRB-
RB RB , DT NN VBD DT NN , CD TO CD , IN DT NN VBD IN CD , RB CD NNS , CC CD NN -RRB-
`` PRP VBP NN , CC PRP VBP RB VB DT NN , '' VBD NNP NNP , DT JJ , JJ NNP NNP NN WP VBZ DT JJ NN -RRB-
DT NNP NN , DT NN IN DT NNP JJ NN , VBD PRP VBD , VBG TO VB NN -RRB-
`` DT VBZ RB DT NN IN NN TO VB DT JJ NN IN , '' VBD NNP NNP , WP VBZ NN IN DT JJ NN -RRB-
`` PRP VBP TO VB DT RB JJ NN . -RRB-
NNP VBD JJS IN PRP$ NNS IN DT NN VBG TO VB NNS CC NNS , CC EX VBD RB JJ . -RRB-
`` PDT DT NN NNS : NNP CC NNP , NNP , NNP : VBP VBG RB RB VB DT NN , '' NNP NNP . ``
NNS RB , DT NN `` VB '' NN IN NNP CC NNP VBD . ``
IN DT JJ NN IN CD NNS , DT NN JJ TO NNP NNP VBD DT JJ NN TO VB DT NN -RRB-
IN DT NNS , RB CD CD JJ NNS VBD , CC DT NN VBD VBN DT JJ NNS CC VBD RP RB . -RRB-
`` IN NNP VBD RB VB , VB PRP VB RP DT JJ NN , '' NNP NNP . ``
PRP VBD CD NNS IN NNP CC NNP DT NN TO VB RP IN PRP$ NN JJ NNS POS NN . ``
DT JJ JJ NNS VBD DT JJS NN IN JJ NNS , CC $ CD -RRB- CC NNP NNP POS NNS VBD VBG RP NNP NNP
CC DT NN VBZ DT JJ NN IN DT NN VBN IN NN , CC DT NNS RB VBD TO CD NN -RRB-
`` WRB PRP VBP TO VB , PRP VBP IN PRP : PRP VBP VBG PRP$ NNS , '' NNP NNP . ``
`` PRP VBZ RB JJ . -RRB-
PRP RB VBD PRP$ NN IN DT NNP . -RRB-
IN DT NN , PRP VBD CD NN IN NNP NNP , CC NNP NNP VBD DT NN IN DT NNP NNP NN VBG DT NN IN DT JJ NN NN , WDT VBD VBN VBG NNS IN PRP$ JJ RB IN NNP POS NNP NNP NN NN -RRB-
`` JJ NN : , '' NNP NNP VBD , RB IN DT NN , `` : DT RB JJ : RB JJ RB : RB RB JJ NNS
PRP VBP IN IN DT NN IN NN NN . -RRB-
PRP VBD VBN -RRB-
IN NN , DT NNP NN VBD IN JJ NN -RRB-
`` PRP VBZ VBG IN DT NN , '' VBD NNP NNP , DT NN NN WP VBD VBG IN DT NNP NNP NNP NNPS NNP NNP
RB PDT DT JJ NN NN VBN IN DT JJ NN CC JJ NN NN IN NNP NNP NNP NNP NNP
NNP VBD VBN IN RBS RB VBN DT JJS NN NNS IN NN -RRB-
IN JJ NN , DT NN VBD PRP$ JJ , CD , IN NNP . -RRB-
`` NNP VBD DT NN RB , IN IN JJS CD NN IN PRP MD VB DT NN , WDT PRP MD RB , '' NNP NNP , DT NNP NN , VBD JJ IN DT NN -RRB-
`` NNP VBZ RB CD NN CC VBD , NNP POS RB CD NN , NNP CD NN -RRB-
DT NN VBZ VBN RB RB VBN . -RRB-
IN JJ NN : NNP NNP POS NN NN : NNP , NNP NNS CC NNS VBD NNS IN WRB JJ DT NNP NNP NN NN . -RRB-
IN DT NN IN DT NN NN , JJ NN NNP CD CC CD NNS VBD IN DT NNS RB RB IN DT NNP NNP NN VBD : VBG JJR IN CD NNS IN DT RB JJ . -RRB-
PRP VBD DT NN VBN IN DT NN -RRB-
IN NNP NNP NNS VBD JJ JJ NN IN NNP NNP , NNP NNP CC NNP NNP NNP VBD PRP TO VB IN DT NNP NNP
NNS RB RB VB NNP NNP NNP CC NNP NNPS NNP TO VB IN NNP NNP
RB , IN IN CD NNS , DT NNP VBZ . ``
`` DT NNP VBZ VBN JJR , '' VBD CD NN IN IN NNP NNP NN , IN DT NNP NNP NNPS NNP NN RB VBD DT NN -RRB-
IN NNP NNP VBD , DT NNP NN NN VBD VBN -RRB-
NNS VBD IN PRP$ NNS VBD DT JJ NN IN NNP NNP NNP
RB , CD NNS RB , NNP NNP RB VBD TO DT NN IN DT NN -RRB-
`` NNP . NNP . NNP . '' VBD NNP NN NNP NNP , VBG JJR NN . -RRB-
`` DT VBZ NN NN . -RRB-
IN DT NNP NN VBD , DT NN IN DT NN IN VBG CC NNS VBD VBN JJ . -RRB-
DT NNP NN VBD IN NNP , PRP$ NN IN DT NN , IN CD , CC RB CD NN -RRB-
NNP NNP NNP POS NN -LRB- NNP CC NNP , NNP CD -RRB- , `` IN PRP VBP DT CD NNS VBG IN PRP , DT JJ NN WDT VBZ CD NN IN DT CD IN VBG JJ MD VB JJ IN JJS IN DT NN , '' VBZ DT RB JJ NN IN VBG IN . -RRB-
VBZ RB PRP RB RB JJ TO VB IN IN PRP VBP DT CD NNS VBG IN PRP , DT JJ NN WDT VBZ CD NN IN DT CD IN VBG NN MD VB RB IN JJS IN DT NN -RRB-
VBP RB VB PDT DT NN , NNP NNP NNP
NNP NNPS
DT NNP NNP NNP VBD DT NN WDT MD VB DT NN NN NN TO VB CC VB JJ NNS IN JJ NNP . -RRB-
DT JJ NN TO VB NNP NNP , NN IN NNP NNPS , VBN JJ NN IN DT NN , VBD NNP CC VBN IN DT NN IN DT NN NN NN -RRB-
DT NN VBZ VBN TO VB VBN RP IN DT NNP NNP CC NNP NNP NN , CC DT NN NN IN JJ NN MD VB VBN -RRB-
DT NN VBD NN IN DT NNP NN CC DT JJ NN IN NN NNP NNP , WP RB VBD PRP$ NN NN IN NNP NNP , DT NN IN NNP . ``
IN DT NN TO NN NNP NNP NNP -LRB- NNP , NNP -RRB- , NNP NNP VBD DT NN IN DT JJ NN TO VB PRP$ NN IN NNP , CC VBD PRP VBD TO DT NN IN DT NN -RRB-
NNP NNP , JJ NN NN , RB VBD DT NN TO VB DT NN POS NN TO DT NN `` IN PRP$ JJ NN . -RRB-
NNP NNP VBD RP NNP NNP POS NNS IN DT `` NN IN PRP$ JJ NN VBG . -RRB-
PRP RB VBD DT NN IN DT JJ NN VBD RB VBN IN NNP NNP NNP NNP VBD EX VBZ `` JJ NN '' IN DT NN POS NN -RRB-
NNP NNP CC JJ NN NNS RB VBD IN DT NN VBD RB DT NN TO DT JJ NN NN -RRB-
CC PRP VBD DT NNP CC NNP NNS IN NNS TO VB RB TO VB DT NN -RRB-
RB DT IN DT NNP CC NNP VBD DT NN IN DT NNP NN IN NNP VBZ RB JJ TO VB NNS TO VB DT NN -RRB-
`` PRP VBZ RB IN DT JJ NN CC PRP RB VBP TO VB PRP , '' VBD CD NNP NN -RRB-
DT NN VBZ VBN IN VBG DT NN IN DT NN MD VB JJ NN NNS TO VB RP DT NN VBN IN DT JJ NN -RRB-
RB , DT NN NN VBZ RB VB RB VBN NN TO VB NNS , CC MD VB DT JJ NN IN VBG DT VBG NN IN DT NN DT NN VBZ . -RRB-
NNS IN DT NN NN DT NN IN DT NN TO VB NN CC NN TO DT JJ NN , CC TO VB DT NN CC NN IN DT NN -RRB-
IN NN , DT NN MD VB DT NNP NNP DT JJ NN NN IN CD NN CC JJR IN DT NN NN IN DT JJ NNP NN NN MD VB VBN -RRB-
PRP RB MD VB DT VBG NN TO VB DT NN NN CC TO VB DT NN JJ TO VBG DT NN IN DT NN -RRB-
DT NN MD VB DT NN TO VB DT NN IN JJ NN VBZ RB VBN VBN , CC IN DT NN VBZ JJ TO VB DT NN RB , NN IN DT JJ NN IN NN IN DT NN IN NN IN NNS , CC VB NN TO DT JJ NN -RRB-
IN JJR NN VBZ VBN , DT NN MD VB NN TO VB DT NN NN CD NN -RRB-
PDT DT NNS , DT NNS CC NN NNS , VBD NN IN DT NN IN NN TO VB NNS IN NNS IN IN NN NNS IN DT NN IN JJ , JJ NN -RRB-
CC JJ NN NNS VBN , DT VBG NNP NNP POS NN IN DT NN IN NN VBD DT NN IN DT NNP NN CC DT JJ NN -RRB-
CD IN DT JJ NNS VBN IN DT NN VBD IN JJ NNS MD VB VBN IN VBG PRP IN JJR NNS CC VBG JJ NNS . -RRB-
IN DT JJ NN TO DT NN IN NNS IN NNP NNP CC JJ NNS NN NNS , DT JJ NN VBD NNS IN DT CD NNS MD VB IN NNP . ``
`` PRP MD VB DT JJ NN CC PRP MD VB DT JJ NN , '' VBD NNP NNP , DT NN , WP VBD DT NN TO VB DT JJ NN IN DT NN IN . -RRB-
`` PRP VBP VBN IN NNS VBP VBN RB CC IN DT , PRP VBP VBN DT NN IN NNS , '' DT NNP NN . ``
DT NNS NN VBZ VBN DT JJ NN NN WDT MD VB VBN DT CD NN NN NN IN DT NN IN DT NN , CC DT NN -RRB-
RB , JJ NN IN NNS VBZ $ CD DT NN , NNP . ``
RB IN PRP$ JJ NN , DT NN VBZ VBN IN CD NNS CC VBZ VBN TO VB NN IN DT NN -RRB-
IN DT NN NN IN RB $ CD CD , DT NN VBD VBD PRP VBD VBN IN DT JJ NN -RRB-
IN DT JJ NN IN NN , NN NNS MD VB VBG $ CD DT NN IN DT NN -RRB-
NNP IN NNP VBZ IN NNS CC JJ JJ NNS VBG DT NN -RRB-
CC IN DT NN POS NNP , NNP , NN , RB CD IN DT CD NNS RB VBP VBG , NNP . ``
IN NNP NNP NNS , NNS MD RB VB NNS TO VB NN . -RRB-
NNP VBZ VBN TO VB WRB JJ NNS VBP VBG IN PRP$ JJ NN , NNP , NN -RRB-
NNP NNS MD RB VB VBN IN NN -RRB-
NNP NNP NNPS , DT JJ NN IN NNP NNP , VBD PRP VBZ TO VB DT NN NN IN DT NN NN NN POS JJ NN -RRB-
NNP , DT NN VBN IN DT NNP NNP NN NN NNP NNP , RB VBD PRP VBZ TO VB JJ NNS IN DT NNPS CC NNP NNP VBG DT NN NN TO VB NNP POS NN -RRB-
NNP VBZ DT CD NN NN IN NNP CC VBD DT $ JJ NN IN DT NN IN NNP , CC NNP NN VBD DT $ CD CD NN . -RRB-
DT NNP NN VBD TO VB IN DT NN POS JJ NN -RRB-
IN NNP NNP NNP JJ NN NN , NNP NNS VBD CD NNS TO VB IN -LRB- NNP -RRB-
NNP , WDT VBD VBN VBG DT NN IN JJ NNS , VBD DT NN NN IN NNP CC VBD PRP RP DT NN NN -RRB-
DT NN POS NN VBZ NNS TO VB IN CD NNS , TO VB RP JJ NN NN NNS CC TO VB PRP$ NNP NNP NN -RRB-
IN NN IN DT NN , NNP VBD DT NN TO VB $ CD CD IN PRP$ JJ NN NNS TO NNP NNP NNP , DT NN IN NNP POS NNP NNP NNP
NNP NNP , NNP POS NN , NN CC JJ JJ NN , VBD DT NN `` VBZ IN DT NN TO VB NNP POS NNS . -RRB-
PRP VBD NN POS NN `` JJ CC JJ '' CC VBD DT NN VBZ TO VB IN DT NN -RRB-
NN NNS VBD IN NNP NN IN NN TO NNP POS NNP NNP NN , CC DT NNS VBD DT JJ NN IN NNP NNP VBD IN DT NN -RRB-
JJ NNS VBP JJ NN IN NN NN , IN DT NNP NN -RR